1747785281553:help
1747785779791:addSongs
1747786130821:stacktrace
1747786437038:addSongs
1747786898786:stacktrace
1747787090506:addSongs
1747787957432:exit
1747812924151:addSongs
1747812929132:exit
1747858123240:addSongs
1747858131738:exit
1747858761054:addSongs
1747860715042:exit
1747860725041:addSongs
1747860761089:exit
1747860867581:addSongs
1747860981476:exit
1747860989662:addSongs
1747861207750:exit
1747861218839:addSongs
1747861274561:stacktrace
1747861424164:exit
1747861466678:addSongs
1747861718940:exit
1747861725994:addSongs
1747861763532:exit
1747861775511:addSongs
1747862195168:exit
1747869025504:addSongs
1747872522814:exit
1747872532161:addSongs
1747872565380:stacktrace
1747872619138:exit
1747872626484:addSongs
1747872713129:exit
1747872722056:addSongs
1747872874078:stacktrace
1747873107533:exit
1747873116089:addSongs
1747874315717:exit
1747898438626:addSongs
1747899611262:exit
1747899617644:addSongs
1747909552940:exit
1747909982485:addSongs
1747910098551:exit
1747910108074:addSongs
1747911597233:exit
1747911605229:help
1747911627057:view
1747911633046:addSongs
1747911650726:view
1747911984937:addSongs
1747912035575:view
1747913964143:exit
1747922635522:rmSong
1747922665825:stacktrace
1747922799274:exit
1747922809322:stacktrace
1747922812991:rmSong
1747956578100:exit
1747956591019:addSongs
1747956697468:v
1747956704044:view
1747956722791:stacktrace
1748192559649:exi
1748192562962:exit
1748197097746:help
1748197102420:addSongs
1748197205844:rmSongs
1748197208296:rmSong
1748197311495:help
1748197314711:view
1748197321024:stacktrace
1748441706986:exit
1748519723174:help
1748519733105:addSongs
1748519749800:exit
1748520324705:addSongs
1748520347127:exit
1748792691501:addSongs
1748792731373:editSong
1748792744314:exit
1748792795250:addSongs
1748792801437:editSong
1749040530696:exit
1749299021047:addSongs
1749299053105:editSong
1749300314885:genQ
1749300359170:stacktrace
1749300377228:genQ
1749300397095:exit
1760477850573:editSong
1760564663401:addSongs
1760564738654:editSong
1760564760728:stacktrace
1760603924415:exit
1760603956870:addSongs
1760603963513:editSong
1760603973745:exit
1760647225960:addSongs
1760647250514:exit
1760647379490:help
1760647385465:addSongs
1760647395518:stacktrace
1760647559692:addSongs
1760648034295:exit
1760648202026:addSongs
1760648744400:stacktrace
1760659769707:exit
1760659782027:addSongs
1760660246159:exit
1760660251647:addSongs
1760660487443:exit
1760660493876:addSongs
1760660682351:stacktrace
1760660781724:exit
1760660789356:addSongs
1760660806548:editSong
1760663617275:addSongs
1760663622283:editSong
1760663743126:help
1760663790077:stacktrace
1760663914312:exit
1760663919302:addSongs
1760663922158:editSong
1760663954044:stacktrace
1760664193351:addSongs
1760664234646:stacktrace
1760664561614:exit
1760698528685:addSongs
1760698534456:editSong
1760698899898:exit
1760731030334:addSongs
1760731035512:editSong
1760731515969:addSongs
1760731518644:editSong
1760732555302:exit
1760733311544:addSongs
1760733314207:editSong
1760733693814:exit
1760742414815:addSongs
1760742417732:editSong
1760743775547:exit
1760743782774:addSongs
1760743786242:editSong
1760744576431:exit
1760744584532:addSongs
1760744587239:ed
1760744589754:editSong
1760777960757:addSongs
1760777965403:editSong
1760779282400:exit
1760875298401:addSongs
1760875308176:editSong
1760887172227:addSongs
1760887175184:editSong
1760889710951:addSongs
1760889716701:editSong
1760890979333:addSongs
1760890985216:editSong
1760902082632:exit
1760908664160:addSongs
1760909611662:exit
1760914045535:addSongs
1760914057876:editSong
1760914172466:addSongs
1760914202823:editSong
1760988188020:exit
1760988388122:e
1760988509104:exit
1761017101699:addSongs
1761017106455:editSong
1761017731218:addSongs
1761017737349:editSong
1761017754258:exit
1761018694972:addSongs
1761018771230:editSong
1761018953342:exit
1761066716627:addSongs
1761066723148:editSong
1761070207209:exit
1761071203258:addSongs
1761496851963:exit
1761497325548:^C
1761499065513:e
1761499108522:d
1761499465337:exit
1761499479981:d
1761499481597:dd
1761499486826:exit
1761499504572:d
1761499506931:exit
1761500661624:addSongs
1761500762095:exit
1761500768985:addSongs
1761500907668:help
1761500927374:exit
1761501261978:addSongs
1761503294992:exit
1761524010264:addSongs
1761524616144:selectUser
1761524625401:addSongs
1761524630074:genQ
1761627226380:exit
1761697842165:selectUser
1761698717651:editSettings
1761698741699:exit
1761698921282:editSettings
1761699272881:editS
1761699276149:editSettings
1761700183488:selectUser
1761700195235:editSettings
1761700260131:editSong
1761701454257:editSettings
1761701598618:exit
1761702140561:editSong
1761702155413:editSettings
1761702179408:addSongs
1761702184805:editSong
1761702437536:editSettings
1761759831039:exit
1761759841424:editSettings
1761765928114:addSongs
1761765933653:editSettings
1761765976537:edit
1761765981099:editSong
1761766003127:addSongs
1761766008528:view
1761766018779:genQ
1761768311930:view
1761768317901:mkPreset
1761768338253:rmSong
1761768345698:view
1761768350682:loadPreset
1761769466421:mkPreset
1761769487780:view
1761769506547:addSongs
1761769538802:mkPreset
1761769568583:loadPreset
1761773256111:view
1761815896369:loadPreset
1761815916193:rmPr
1761815919060:rmPreset
1761815970156:loadPreset
1761820677600:addSongs
1761820681896:ls
1761820684825:mkPreset
1761820698213:viewPresets
1761820723448:viewSongs
1761820730692:rmSong
1761820758570:viewSongs
1761820761429:loadPresets
1761820775649:viewSongs
1761820849905:rmPreset
1761825298770:addSongs
1761834336696:viewSongs
1761834359425:editSong
1761834483514:editSettings
1761834497529:genQueue
1761834596832:rmSong
1761834627346:viewSongs
1761834633630:rmSong
1761835553013:viewSongs
1761835580142:viewPresets
1761835584348:mkPreset
1761835592023:viewPresets
1761857329641:addSongs
1761857332189:mkPreset
1761857341254:rmSong
1761857349091:loadPreset
1761857366994:stacktrace
1761857459447:loadPreset
1761857485349:viewSongs
1761857499064:editSong
1761857720948:editSo
1761857723824:editSong
1761857736938:rmPr
1761857741761:rmPreset
1761857764257:exit
1761857816043:loadPreset
1761857827039:editSong
1761857975309:editPreset
1761858927459:stacktrace
1761859082560:genRegistrationLink
1761859090122:editPreset
1761859323464:loadPreset
1761859331472:editSong
1761859457509:editPreset
1761859483270:loadPreset
1761859505060:editSong
1761859570822:rmSong
1761859577346:editPreset
1761859591303:loadPreset
1761859597565:editSong
1761859653976:loadPreset
1761859908586:editSo
1761859911397:editSong
1761859926810:addSongs
1761859953887:viewSongs
1761859962104:editSongs
1761859964482:editSong
1761860005798:editSettings
1761860029710:genQueue
1761860049568:mkPreset
1761860069369:viewPresets
1761860081596:editPreset
1761860173471:viewSongs
1761860181281:editSong
1761860266278:addSongs
1761860343317:editSong
1761860446511:addSongs
1761860553836:viewPresets
1761860557584:addSongs
1761860567409:editSong
1761860575379:addSongs
1761860581280:editSong
1761860600394:mkPreset
1761860609247:viewPresets
1761860615019:loadPreset
1761860635033:viewSongs
1761860646767:editSong
1761860655488:genQueue
1761860737615:loadPreset
1761860774409:genQueue
1761860944756:loadPreset
1761860952316:genQueue
1761860986430:loadPreset
1761861003851:genQueue
1761861440619:loadPreset
1761861458026:viewSongs
1761861463211:genQueue
1761862103343:help
1761862149263:viewSongs
1761862155254:addSongs
1761862164362:viewSongs
1761862181966:editSong
1761862213244:stacktrace
1761862293597:editSong
1761862500179:addSongs
1761862503773:editSong
1761862529906:mkPreset
1761862540156:viewPresets
1761862546957:rmPreset
1761862554303:viewPresets
1761862567968:rmSong
1761862586031:viewSongs
1761862605079:addSongs
1761862709312:viewSongs
1761862728663:editSong
1761862773863:genQueue
1761862849651:editSettings
1761862868850:mkPreset
1761862910360:rmSong
1761862927593:loadPreset
1761862937029:viewSongs
1762127023968:loadPreset
1762127030590:viewSongs
1762127040972:editSong
